<?xml version="1.0" encoding="UTF-8"?>
<!-- Generated by org.testng.reporters.JUnitReportReporter -->
<testsuite hostname="LAPTOP-MTO5U5N3" failures="0" tests="3" name="com.rev.testcases.LoginPageTest" time="24.530" errors="0" timestamp="02 Mar. 2021 06:51:54 GMT" skipped="0">
  <testcase classname="com.rev.testcases.LoginPageTest" name="validateImageTest" time="9.441"/>
  <testcase classname="com.rev.testcases.LoginPageTest" name="validateTitleTest" time="5.381"/>
  <testcase classname="com.rev.testcases.LoginPageTest" name="validateLoginTest" time="9.708"/>
</testsuite> <!-- com.rev.testcases.LoginPageTest -->
